{
  "stats": {
    "suites": 1,
    "tests": 1,
    "passes": 1,
    "pending": 0,
    "failures": 0,
    "start": "2024-10-03T17:02:17.856Z",
    "end": "2024-10-03T17:02:21.120Z",
    "duration": 3264,
    "testsRegistered": 1,
    "passPercent": 100,
    "pendingPercent": 0,
    "other": 0,
    "hasOther": false,
    "skipped": 0,
    "hasSkipped": false
  },
  "results": [
    {
      "uuid": "c4a84b39-bc32-42d0-be46-8c31cd928e58",
      "title": "",
      "fullFile": "cypress\\e2e\\pets-disponiveis-para-adocao.cy.js",
      "file": "cypress\\e2e\\pets-disponiveis-para-adocao.cy.js",
      "beforeHooks": [],
      "afterHooks": [],
      "tests": [],
      "suites": [
        {
          "uuid": "65dfca0c-bc72-4dec-b4c3-a61b9144dfbc",
          "title": "Página de pets para adotar",
          "fullFile": "",
          "file": "",
          "beforeHooks": [],
          "afterHooks": [],
          "tests": [
            {
              "title": "Ver a página de principal do AdoPet e clique no botão ‘Ver pets disponíveis para adoção”",
              "fullTitle": "Página de pets para adotar Ver a página de principal do AdoPet e clique no botão ‘Ver pets disponíveis para adoção”",
              "timedOut": null,
              "duration": 1274,
              "state": "passed",
              "speed": "fast",
              "pass": true,
              "fail": false,
              "pending": false,
              "context": null,
              "code": "cy.visit('https://adopet-frontend-cypress.vercel.app/');\ncy.contains('a', 'Ver pets disponíveis para adoção').click();",
              "err": {},
              "uuid": "4a78b609-f770-486f-8fb1-ca2f75d7cc2b",
              "parentUUID": "65dfca0c-bc72-4dec-b4c3-a61b9144dfbc",
              "isHook": false,
              "skipped": false
            }
          ],
          "suites": [],
          "passes": [
            "4a78b609-f770-486f-8fb1-ca2f75d7cc2b"
          ],
          "failures": [],
          "pending": [],
          "skipped": [],
          "duration": 1274,
          "root": false,
          "rootEmpty": false,
          "_timeout": 2000
        }
      ],
      "passes": [],
      "failures": [],
      "pending": [],
      "skipped": [],
      "duration": 0,
      "root": true,
      "rootEmpty": true,
      "_timeout": 2000
    }
  ],
  "meta": {
    "mocha": {
      "version": "7.0.1"
    },
    "mochawesome": {
      "options": {
        "quiet": false,
        "reportFilename": "mochawesome",
        "saveHtml": true,
        "saveJson": true,
        "consoleReporter": "spec",
        "useInlineDiffs": false,
        "code": true
      },
      "version": "7.1.3"
    },
    "marge": {
      "options": {
        "reportDir": "cypress/results",
        "overwrite": false,
        "html": true,
        "json": true,
        "timestamp": "mmddyyyy_HHMMss",
        "charts": true
      },
      "version": "6.2.0"
    }
  }
}