{
  "stats": {
    "suites": 1,
    "tests": 1,
    "passes": 1,
    "pending": 0,
    "failures": 0,
    "start": "2024-10-03T17:01:45.870Z",
    "end": "2024-10-03T17:01:50.247Z",
    "duration": 4377,
    "testsRegistered": 1,
    "passPercent": 100,
    "pendingPercent": 0,
    "other": 0,
    "hasOther": false,
    "skipped": 0,
    "hasSkipped": false
  },
  "results": [
    {
      "uuid": "ef63aff5-79fe-4920-ac10-28debd33c19f",
      "title": "",
      "fullFile": "cypress\\e2e\\falar-com-responsável.cy.js",
      "file": "cypress\\e2e\\falar-com-responsável.cy.js",
      "beforeHooks": [],
      "afterHooks": [],
      "tests": [],
      "suites": [
        {
          "uuid": "f0cf8678-a895-4e98-b41f-46c8c4bb02b0",
          "title": "Falar com o responsável",
          "fullFile": "",
          "file": "",
          "beforeHooks": [],
          "afterHooks": [],
          "tests": [
            {
              "title": "Visitar a página de /home do AdoPet e clicar no botão “Falar com o responsável”",
              "fullTitle": "Falar com o responsável Visitar a página de /home do AdoPet e clicar no botão “Falar com o responsável”",
              "timedOut": null,
              "duration": 2426,
              "state": "passed",
              "speed": "fast",
              "pass": true,
              "fail": false,
              "pending": false,
              "context": null,
              "code": "cy.get('.header__message').click();",
              "err": {},
              "uuid": "ba40b655-bb14-4e27-9497-a43d037cea1c",
              "parentUUID": "f0cf8678-a895-4e98-b41f-46c8c4bb02b0",
              "isHook": false,
              "skipped": false
            }
          ],
          "suites": [],
          "passes": [
            "ba40b655-bb14-4e27-9497-a43d037cea1c"
          ],
          "failures": [],
          "pending": [],
          "skipped": [],
          "duration": 2426,
          "root": false,
          "rootEmpty": false,
          "_timeout": 2000
        }
      ],
      "passes": [],
      "failures": [],
      "pending": [],
      "skipped": [],
      "duration": 0,
      "root": true,
      "rootEmpty": true,
      "_timeout": 2000
    }
  ],
  "meta": {
    "mocha": {
      "version": "7.0.1"
    },
    "mochawesome": {
      "options": {
        "quiet": false,
        "reportFilename": "mochawesome",
        "saveHtml": true,
        "saveJson": true,
        "consoleReporter": "spec",
        "useInlineDiffs": false,
        "code": true
      },
      "version": "7.1.3"
    },
    "marge": {
      "options": {
        "reportDir": "cypress/results",
        "overwrite": false,
        "html": true,
        "json": true,
        "timestamp": "mmddyyyy_HHMMss",
        "charts": true
      },
      "version": "6.2.0"
    }
  }
}