{
  "stats": {
    "suites": 1,
    "tests": 4,
    "passes": 4,
    "pending": 0,
    "failures": 0,
    "start": "2024-10-03T17:02:24.521Z",
    "end": "2024-10-03T17:02:30.024Z",
    "duration": 5503,
    "testsRegistered": 4,
    "passPercent": 100,
    "pendingPercent": 0,
    "other": 0,
    "hasOther": false,
    "skipped": 0,
    "hasSkipped": false
  },
  "results": [
    {
      "uuid": "dbb7ed9e-d5b0-409c-936c-620092524a58",
      "title": "",
      "fullFile": "cypress\\e2e\\visita-pagina-home.cy.js",
      "file": "cypress\\e2e\\visita-pagina-home.cy.js",
      "beforeHooks": [],
      "afterHooks": [],
      "tests": [],
      "suites": [
        {
          "uuid": "945bb02c-e135-4d9b-abe6-f479d133d844",
          "title": "Página Inicial",
          "fullFile": "",
          "file": "",
          "beforeHooks": [],
          "afterHooks": [],
          "tests": [
            {
              "title": "Verificar se o Title \"AdoPet\" está na página home",
              "fullTitle": "Página Inicial Verificar se o Title \"AdoPet\" está na página home",
              "timedOut": null,
              "duration": 335,
              "state": "passed",
              "speed": "fast",
              "pass": true,
              "fail": false,
              "pending": false,
              "context": null,
              "code": "cy.title().should('eq', 'AdoPet');",
              "err": {},
              "uuid": "a93ac4ec-33c4-4f61-a89b-f908ca63695d",
              "parentUUID": "945bb02c-e135-4d9b-abe6-f479d133d844",
              "isHook": false,
              "skipped": false
            },
            {
              "title": "Visita a página de /home do Adopet",
              "fullTitle": "Página Inicial Visita a página de /home do Adopet",
              "timedOut": null,
              "duration": 2251,
              "state": "passed",
              "speed": "fast",
              "pass": true,
              "fail": false,
              "pending": false,
              "context": null,
              "code": "cy.contains('a', 'Fazer login').click();\ncy.get('input[name=\"email\"]').type('kprado@websupply.com.br');\ncy.get('input[name=\"password\"]').type('Acesso123');\ncy.contains('button', 'Entrar').click();",
              "err": {},
              "uuid": "261301f0-8535-4718-b715-ab8126327754",
              "parentUUID": "945bb02c-e135-4d9b-abe6-f479d133d844",
              "isHook": false,
              "skipped": false
            },
            {
              "title": "Verificar se o tetxo \"Quem ama adota\" está na página home",
              "fullTitle": "Página Inicial Verificar se o tetxo \"Quem ama adota\" está na página home",
              "timedOut": null,
              "duration": 183,
              "state": "passed",
              "speed": "fast",
              "pass": true,
              "fail": false,
              "pending": false,
              "context": null,
              "code": "cy.contains('p', 'Quem ama adota!').should('be.visible');",
              "err": {},
              "uuid": "07ae234d-1a64-46ae-8772-e0b845d87f46",
              "parentUUID": "945bb02c-e135-4d9b-abe6-f479d133d844",
              "isHook": false,
              "skipped": false
            },
            {
              "title": "Verificar se o texto \"Adotar pode mudar uma vida. Que tal buscar seu novo melhor amigo hoje? Vem com a gente!\" está na página home",
              "fullTitle": "Página Inicial Verificar se o texto \"Adotar pode mudar uma vida. Que tal buscar seu novo melhor amigo hoje? Vem com a gente!\" está na página home",
              "timedOut": null,
              "duration": 201,
              "state": "passed",
              "speed": "fast",
              "pass": true,
              "fail": false,
              "pending": false,
              "context": null,
              "code": "cy.contains('p', 'Adotar pode mudar uma vida. Que tal buscar seu novo melhor amigo hoje? Vem com a gente!').should('be.visible');",
              "err": {},
              "uuid": "6cc0e27c-bb7f-4743-96d9-6d9bb01a7a38",
              "parentUUID": "945bb02c-e135-4d9b-abe6-f479d133d844",
              "isHook": false,
              "skipped": false
            }
          ],
          "suites": [],
          "passes": [
            "a93ac4ec-33c4-4f61-a89b-f908ca63695d",
            "261301f0-8535-4718-b715-ab8126327754",
            "07ae234d-1a64-46ae-8772-e0b845d87f46",
            "6cc0e27c-bb7f-4743-96d9-6d9bb01a7a38"
          ],
          "failures": [],
          "pending": [],
          "skipped": [],
          "duration": 2970,
          "root": false,
          "rootEmpty": false,
          "_timeout": 2000
        }
      ],
      "passes": [],
      "failures": [],
      "pending": [],
      "skipped": [],
      "duration": 0,
      "root": true,
      "rootEmpty": true,
      "_timeout": 2000
    }
  ],
  "meta": {
    "mocha": {
      "version": "7.0.1"
    },
    "mochawesome": {
      "options": {
        "quiet": false,
        "reportFilename": "mochawesome",
        "saveHtml": true,
        "saveJson": true,
        "consoleReporter": "spec",
        "useInlineDiffs": false,
        "code": true
      },
      "version": "7.1.3"
    },
    "marge": {
      "options": {
        "reportDir": "cypress/results",
        "overwrite": false,
        "html": true,
        "json": true,
        "timestamp": "mmddyyyy_HHMMss",
        "charts": true
      },
      "version": "6.2.0"
    }
  }
}